make all --print-data-base --no-builtin-variables --no-builtin-rules --question
# GNU Make 4.1
# Built for x86_64-pc-linux-gnu
# Copyright (C) 1988-2014 Free Software Foundation, Inc.
# License GPLv3+: GNU GPL version 3 or later <http://gnu.org/licenses/gpl.html>
# This is free software: you are free to change and redistribute it.
# There is NO WARRANTY, to the extent permitted by law.

# Make data base, printed on Sat Apr  2 12:06:47 2022

# Variables

# automatic
<D = $(patsubst %/,%,$(dir $<))
# automatic
?F = $(notdir $?)
# environment
DESKTOP_SESSION = cinnamon
# default
.SHELLFLAGS := -c
# environment
XDG_SESSION_TYPE = x11
# environment
VSCODE_LOG_NATIVE = false
# automatic
?D = $(patsubst %/,%,$(dir $?))
# automatic
@D = $(patsubst %/,%,$(dir $@))
# environment
XAUTHORITY = /home/anma/.Xauthority
# environment
GDMSESSION = cinnamon
# default
MAKE_VERSION := 4.1
# makefile
CURDIR := /home/anma/Bureau/Minishell
# makefile
SHELL = /bin/sh
# environment
GDM_LANG = fr_FR
# environment
VSCODE_NLS_CONFIG = {"locale":"fr","availableLanguages":{"*":"fr"},"_languagePackId":"9fdd4736c50ab5d00bf618b3d10bedcc.fr","_translationsConfigFile":"/home/anma/.config/Code/clp/9fdd4736c50ab5d00bf618b3d10bedcc.fr/tcf.json","_cacheRoot":"/home/anma/.config/Code/clp/9fdd4736c50ab5d00bf618b3d10bedcc.fr","_resolvedLanguagePackCoreLocation":"/home/anma/.config/Code/clp/9fdd4736c50ab5d00bf618b3d10bedcc.fr/899d46d82c4c95423fb7e10e68eba52050e30ba3","_corruptedFile":"/home/anma/.config/Code/clp/9fdd4736c50ab5d00bf618b3d10bedcc.fr/corrupted.info","_languagePackSupport":true}
# makefile (from 'Makefile', line 26)
CFLAGS = -Wall -Wextra -Werror -g
# environment
XDG_CONFIG_DIRS = /etc/xdg/xdg-cinnamon:/etc/xdg
# makefile (from 'Makefile', line 22)
SRCS_NAME = $(addprefix $(SRCS_PATH),$(SRCS))
# environment
GTK_OVERLAY_SCROLLING = 1
# makefile (from 'Makefile', line 1)
MAKEFILE_LIST :=  Makefile
# makefile (from 'Makefile', line 28)
LIB_DIR = libft
# automatic
@F = $(notdir $@)
# environment
GIO_LAUNCHED_DESKTOP_FILE = /usr/share/applications/code.desktop
# 'override' directive
GNUMAKEFLAGS := 
# environment
MANDATORY_PATH = /usr/share/gconf/cinnamon.mandatory.path
# environment
XDG_DATA_DIRS = /usr/share/cinnamon:/usr/share/gnome:/home/anma/.local/share/flatpak/exports/share:/var/lib/flatpak/exports/share:/usr/local/share:/usr/share
# environment
DBUS_SESSION_BUS_ADDRESS = unix:path=/run/user/1000/bus
# environment
VSCODE_VERBOSE_LOGGING = true
# makefile (from 'Makefile', line 39)
OBJS = $(addprefix $(OBJ_PATH),$(OBJS_NAME))
# environment
VSCODE_IPC_HOOK_EXTHOST = /run/user/1000/vscode-ipc-de1c7c17-2e80-4081-bd09-982a590bc6a5.sock
# environment
VSCODE_CWD = /home/anma
# environment
XDG_SESSION_PATH = /org/freedesktop/DisplayManager/Session0
# default
MAKE_HOST := x86_64-pc-linux-gnu
# environment
PATH = /home/anma/.local/bin:/usr/local/sbin:/usr/local/bin:/usr/sbin:/usr/bin:/sbin:/bin:/usr/games:/usr/local/games:/snap/bin
# environment
GPG_AGENT_INFO = /run/user/1000/gnupg/S.gpg-agent:0:1
# environment
SESSION_MANAGER = local/anma-HP-ProBook-4520s:@/tmp/.ICE-unix/3450,unix/anma-HP-ProBook-4520s:/tmp/.ICE-unix/3450
# environment
XDG_RUNTIME_DIR = /run/user/1000
# environment
VSCODE_LOG_STACK = false
# environment
VSCODE_CRASH_REPORTER_START_OPTIONS = {"companyName":"Microsoft","productName":"VSCode","submitURL":"appcenter://code?aid=fba07a4d-84bd-4fc8-a125-9640fc8ce171&uid=f410002b-56b1-4476-9f19-d8841821bba6&iid=f410002b-56b1-4476-9f19-d8841821bba6&sid=f410002b-56b1-4476-9f19-d8841821bba6","uploadToServer":true}
# makefile (from 'Makefile', line 30)
LIB = $(LIB_DIR)/libft.a
# default
.FEATURES := target-specific order-only second-expansion else-if shortest-stem undefine oneshell archives jobserver output-sync check-symlink load
# environment
XDG_GREETER_DATA_DIR = /var/lib/lightdm-data/anma
# environment
XDG_SESSION_DESKTOP = cinnamon
# environment
SSH_AUTH_SOCK = /run/user/1000/keyring/ssh
# environment
GIO_LAUNCHED_DESKTOP_FILE_PID = 4998
# makefile (from 'Makefile', line 9)
BUILTINS_PATH = srcs/builtins/
# automatic
%F = $(notdir $%)
# environment
DISPLAY = :0
# makefile (from 'Makefile', line 16)
UTIL = free.c				env_2_path.c
# environment
VSCODE_PIPE_LOGGING = true
# environment
PWD = /home/anma/Bureau/Minishell
# environment
QT_QPA_PLATFORMTHEME = qt5ct
# makefile (from 'Makefile', line 18)
BUILTINS = cmd_cd.c			cmd_echo.c		cmd_env.c cmd_exit.c			cmd_export.c	cmd_pwd.c cmd_unset.c
# environment
XDG_SEAT = seat0
# environment
SSH_AGENT_PID = 3561
# environment
ORIGINAL_XDG_CURRENT_DESKTOP = X-Cinnamon
# environment
GTK_MODULES = gail:atk-bridge
# environment
VSCODE_AMD_ENTRYPOINT = vs/workbench/services/extensions/node/extensionHostProcess
# environment
HOME = /home/anma
# environment
VSCODE_CODE_CACHE_PATH = /home/anma/.config/Code/CachedData/899d46d82c4c95423fb7e10e68eba52050e30ba3
# environment
LOGNAME = anma
# environment
APPLICATION_INSIGHTS_NO_DIAGNOSTIC_CHANNEL = true
# makefile (from 'Makefile', line 36)
OBJS_NAME = $(SRCS:.c=.o) $(UTIL:.c=.o) $(BUILTINS:.c=.o)
# environment
VSCODE_HANDLES_UNCAUGHT_ERRORS = true
# environment
GNOME_DESKTOP_SESSION_ID = this-is-deprecated
# automatic
^D = $(patsubst %/,%,$(dir $^))
# environment
XDG_VTNR = 7
# environment
MAKELEVEL := 0
# default
MAKE = $(MAKE_COMMAND)
# default
MAKECMDGOALS := all
# makefile (from 'Makefile', line 11)
SRCS = prompt.c			split.c			get_path.c cmd_exec_env.c		cmd_exec.c		check_n_exec_builtins.c env_var.c
# environment
SHLVL = 0
# makefile (from 'Makefile', line 24)
CC = gcc
# environment
XDG_SESSION_ID = c2
# environment
USER = anma
# makefile
.DEFAULT_GOAL := all
# environment
XDG_CURRENT_DESKTOP = X-Cinnamon
# makefile (from 'Makefile', line 1)
NAME = minishell
# makefile (from 'Makefile', line 32)
OBJ_PATH = obj/
# automatic
%D = $(patsubst %/,%,$(dir $%))
# makefile (from 'Makefile', line 8)
UTIL_PATH = srcs/util/
# default
MAKE_COMMAND := make
# makefile (from 'Makefile', line 3)
INC = inc/
# default
.VARIABLES := 
# automatic
*F = $(notdir $*)
# environment
LANGUAGE = fr_FR
# environment
XDG_SEAT_PATH = /org/freedesktop/DisplayManager/Seat0
# environment
VSCODE_IPC_HOOK = /run/user/1000/vscode-779fd3af-1.63.2-main.sock
# makefile
MAKEFLAGS = pqrR
# environment
MFLAGS = -pqrR
# automatic
*D = $(patsubst %/,%,$(dir $*))
# environment
BREAKPAD_DUMP_LOCATION = /home/anma/.config/Code/exthost Crash Reports
# automatic
+D = $(patsubst %/,%,$(dir $+))
# environment
GDK_BACKEND = x11
# automatic
+F = $(notdir $+)
# environment
CINNAMON_VERSION = 4.4.8
# environment
S_COLORS = auto
# environment
QT_ACCESSIBILITY = 1
# environment
DEFAULTS_PATH = /usr/share/gconf/cinnamon.default.path
# default
MAKEFILES := 
# automatic
<F = $(notdir $<)
# makefile (from 'Makefile', line 7)
SRCS_PATH = srcs/
# environment
ELECTRON_RUN_AS_NODE = 1
# environment
LC_ALL = C
# makefile (from 'Makefile', line 4)
HEADER = $(INC)minishell.h
# environment
GJS_DEBUG_TOPICS = JS ERROR;JS LOG
# automatic
^F = $(notdir $^)
# default
SUFFIXES := 
# environment
CHROME_DESKTOP = code-url-handler.desktop
# default
.INCLUDE_DIRS = /usr/include /usr/local/include /usr/include
# environment
GJS_DEBUG_OUTPUT = stderr
# default
.RECIPEPREFIX := 
# environment
LANG = C
# environment
VSCODE_PID = 4998
# variable set hash-table stats:
# Load=114/1024=11%, Rehash=0, Collisions=11/167=7%

# Pattern-specific Variable Values

# No pattern-specific variable values.

# Directories

# srcs/util (device 2054, inode 1774394): 5 files, no impossibilities.
# srcs/builtins (device 2054, inode 1774792): 9 files, no impossibilities so far.
# . (device 2054, inode 1774355): 11 files, no impossibilities.
# inc (device 2054, inode 1774220): 2 files, no impossibilities so far.
# srcs (device 2054, inode 1774378): 11 files, no impossibilities.

# 38 files, no impossibilities in 5 directories.

# Implicit Rules

obj/%.o: srcs/%.c inc/minishell.h
#  recipe to execute (from 'Makefile', line 52):
	@printf "\033[34;1m|\033[0;m"
	@mkdir $(OBJ_PATH) 2> /dev/null || true
	@$(CC) $(CFLAGS) -I$(INC) -c $< -o $@

obj/%.o: srcs/util/%.c inc/minishell.h
#  recipe to execute (from 'Makefile', line 57):
	@printf "\033[34;1m|\033[0;m"
	@mkdir $(OBJ_PATH) 2> /dev/null || true
	@$(CC) $(CFLAGS) -I$(INC) -c $< -o $@

obj/%.o: srcs/builtins/%.c inc/minishell.h
#  recipe to execute (from 'Makefile', line 62):
	@printf "\033[34;1m|\033[0;m"
	@mkdir $(OBJ_PATH) 2> /dev/null || true
	@$(CC) $(CFLAGS) -I$(INC) -c $< -o $@

# 3 implicit rules, 0 (0.0%) terminal.

 
# Files

obj/get_path.o: srcs/get_path.c inc/minishell.h
#  Implicit rule search has been done.
#  Implicit/static pattern stem: 'get_path'
#  Last modified 2022-04-02 12:05:49.838304106
#  File has been updated.
#  Successfully updated.
#  recipe to execute (from 'Makefile', line 52):
	@printf "\033[34;1m|\033[0;m"
	@mkdir $(OBJ_PATH) 2> /dev/null || true
	@$(CC) $(CFLAGS) -I$(INC) -c $< -o $@

# Not a target:
srcs/get_path.c:
#  Implicit rule search has been done.
#  Last modified 2022-04-01 16:25:05.112019505
#  File has been updated.
#  Successfully updated.

obj/env_2_path.o: srcs/util/env_2_path.c inc/minishell.h
#  Implicit rule search has been done.
#  Implicit/static pattern stem: 'env_2_path'
#  Last modified 2022-04-02 12:05:50.346311494
#  File has been updated.
#  Successfully updated.
#  recipe to execute (from 'Makefile', line 57):
	@printf "\033[34;1m|\033[0;m"
	@mkdir $(OBJ_PATH) 2> /dev/null || true
	@$(CC) $(CFLAGS) -I$(INC) -c $< -o $@

all: libft/libft.a minishell
#  Phony target (prerequisite of .PHONY).
#  Command line target.
#  Implicit rule search has not been done.
#  File does not exist.
#  File has been updated.
#  Successfully updated.

obj/cmd_echo.o: srcs/builtins/cmd_echo.c inc/minishell.h
#  Implicit rule search has been done.
#  Implicit/static pattern stem: 'cmd_echo'
#  Last modified 2022-04-02 12:05:50.514313937
#  File has been updated.
#  Successfully updated.
#  recipe to execute (from 'Makefile', line 62):
	@printf "\033[34;1m|\033[0;m"
	@mkdir $(OBJ_PATH) 2> /dev/null || true
	@$(CC) $(CFLAGS) -I$(INC) -c $< -o $@

.PHONY: all clean fclean re run
#  Implicit rule search has not been done.
#  Modification time never checked.
#  File has not been updated.

obj/cmd_export.o: srcs/builtins/cmd_export.c inc/minishell.h
#  Implicit rule search has been done.
#  Implicit/static pattern stem: 'cmd_export'
#  Last modified 2022-04-02 12:05:50.722316962
#  File has been updated.
#  Successfully updated.
#  recipe to execute (from 'Makefile', line 62):
	@printf "\033[34;1m|\033[0;m"
	@mkdir $(OBJ_PATH) 2> /dev/null || true
	@$(CC) $(CFLAGS) -I$(INC) -c $< -o $@

obj/cmd_exec_env.o: srcs/cmd_exec_env.c inc/minishell.h
#  Implicit rule search has been done.
#  Implicit/static pattern stem: 'cmd_exec_env'
#  Last modified 2022-04-02 12:05:49.926305386
#  File has been updated.
#  Successfully updated.
#  recipe to execute (from 'Makefile', line 52):
	@printf "\033[34;1m|\033[0;m"
	@mkdir $(OBJ_PATH) 2> /dev/null || true
	@$(CC) $(CFLAGS) -I$(INC) -c $< -o $@

# Not a target:
srcs/builtins/cmd_cd.c:
#  Implicit rule search has been done.
#  Last modified 2022-04-01 12:12:40.707249392
#  File has been updated.
#  Successfully updated.

# Not a target:
srcs/cmd_exec_env.c:
#  Implicit rule search has been done.
#  Last modified 2022-04-01 16:23:19.386562193
#  File has been updated.
#  Successfully updated.

# Not a target:
Makefile:
#  Implicit rule search has been done.
#  Last modified 2022-04-01 16:22:26.905838475
#  File has been updated.
#  Successfully updated.

obj/cmd_exec.o: srcs/cmd_exec.c inc/minishell.h
#  Implicit rule search has been done.
#  Implicit/static pattern stem: 'cmd_exec'
#  Last modified 2022-04-02 12:05:50.010306608
#  File has been updated.
#  Successfully updated.
#  recipe to execute (from 'Makefile', line 52):
	@printf "\033[34;1m|\033[0;m"
	@mkdir $(OBJ_PATH) 2> /dev/null || true
	@$(CC) $(CFLAGS) -I$(INC) -c $< -o $@

# Not a target:
srcs/cmd_exec.c:
#  Implicit rule search has been done.
#  Last modified 2022-04-01 16:19:35.183468493
#  File has been updated.
#  Successfully updated.

# Not a target:
srcs/util/env_2_path.c:
#  Implicit rule search has been done.
#  Last modified 2022-04-01 15:59:06.834250776
#  File has been updated.
#  Successfully updated.

minishell: obj/prompt.o obj/split.o obj/get_path.o obj/cmd_exec_env.o obj/cmd_exec.o obj/check_n_exec_builtins.o obj/env_var.o obj/free.o obj/env_2_path.o obj/cmd_cd.o obj/cmd_echo.o obj/cmd_env.o obj/cmd_exit.o obj/cmd_export.o obj/cmd_pwd.o obj/cmd_unset.o
#  Implicit rule search has not been done.
#  Last modified 2022-04-02 12:05:50.942320161
#  File has been updated.
#  Successfully updated.
#  recipe to execute (from 'Makefile', line 47):
	@printf "\n"
	@$(CC) $(CFLAGS) -o $(NAME) $(OBJS) $(LIB) -L.local/lib -lreadline
	@echo "Compilation of \033[33;1m$(NAME)\033[0;1m: [\033[1;32mOK\033[0;1m]\033[0m"

obj/env_var.o: srcs/env_var.c inc/minishell.h
#  Implicit rule search has been done.
#  Implicit/static pattern stem: 'env_var'
#  Last modified 2022-04-02 12:05:50.17830905
#  File has been updated.
#  Successfully updated.
#  recipe to execute (from 'Makefile', line 52):
	@printf "\033[34;1m|\033[0;m"
	@mkdir $(OBJ_PATH) 2> /dev/null || true
	@$(CC) $(CFLAGS) -I$(INC) -c $< -o $@

# Not a target:
srcs/builtins/cmd_echo.c:
#  Implicit rule search has been done.
#  Last modified 2022-04-01 17:04:50.900446911
#  File has been updated.
#  Successfully updated.

libft/libft.a:
#  Implicit rule search has not been done.
#  Last modified 2022-04-02 12:05:49.578300325
#  File has been updated.
#  Successfully updated.
#  recipe to execute (from 'Makefile', line 44):
	@make -C $(LIB_DIR)

obj/cmd_env.o: srcs/builtins/cmd_env.c inc/minishell.h
#  Implicit rule search has been done.
#  Implicit/static pattern stem: 'cmd_env'
#  Last modified 2022-04-02 12:05:50.602315217
#  File has been updated.
#  Successfully updated.
#  recipe to execute (from 'Makefile', line 62):
	@printf "\033[34;1m|\033[0;m"
	@mkdir $(OBJ_PATH) 2> /dev/null || true
	@$(CC) $(CFLAGS) -I$(INC) -c $< -o $@

# Not a target:
srcs/env_var.c:
#  Implicit rule search has been done.
#  Last modified 2022-04-01 14:42:33.53093614
#  File has been updated.
#  Successfully updated.

obj/cmd_exit.o: srcs/builtins/cmd_exit.c inc/minishell.h
#  Implicit rule search has been done.
#  Implicit/static pattern stem: 'cmd_exit'
#  Last modified 2022-04-02 12:05:50.690316496
#  File has been updated.
#  Successfully updated.
#  recipe to execute (from 'Makefile', line 62):
	@printf "\033[34;1m|\033[0;m"
	@mkdir $(OBJ_PATH) 2> /dev/null || true
	@$(CC) $(CFLAGS) -I$(INC) -c $< -o $@

fclean: clean
#  Phony target (prerequisite of .PHONY).
#  Implicit rule search has not been done.
#  File does not exist.
#  File has not been updated.
#  recipe to execute (from 'Makefile', line 79):
	@rm -rf $(NAME)
	@make -C $(LIB_DIR) fclean
	@echo "\033[33;1m$(NAME)\033[0;1m: $(NAME) deleted\033[0m"

# Not a target:
srcs/builtins/cmd_export.c:
#  Implicit rule search has been done.
#  Last modified 2022-03-31 19:06:55.251563202
#  File has been updated.
#  Successfully updated.

leaks: all
#  Implicit rule search has not been done.
#  Modification time never checked.
#  File has not been updated.
#  recipe to execute (from 'Makefile', line 70):
	@valgrind --tool=memcheck --leak-check=full --leak-resolution=high --show-reachable=yes ./$(NAME)

obj/cmd_pwd.o: srcs/builtins/cmd_pwd.c inc/minishell.h
#  Implicit rule search has been done.
#  Implicit/static pattern stem: 'cmd_pwd'
#  Last modified 2022-04-02 12:05:50.802318125
#  File has been updated.
#  Successfully updated.
#  recipe to execute (from 'Makefile', line 62):
	@printf "\033[34;1m|\033[0;m"
	@mkdir $(OBJ_PATH) 2> /dev/null || true
	@$(CC) $(CFLAGS) -I$(INC) -c $< -o $@

# Not a target:
.DEFAULT:
#  Implicit rule search has not been done.
#  Modification time never checked.
#  File has not been updated.

obj/free.o: srcs/util/free.c inc/minishell.h
#  Implicit rule search has been done.
#  Implicit/static pattern stem: 'free'
#  Last modified 2022-04-02 12:05:50.266310331
#  File has been updated.
#  Successfully updated.
#  recipe to execute (from 'Makefile', line 57):
	@printf "\033[34;1m|\033[0;m"
	@mkdir $(OBJ_PATH) 2> /dev/null || true
	@$(CC) $(CFLAGS) -I$(INC) -c $< -o $@

obj/cmd_unset.o: srcs/builtins/cmd_unset.c inc/minishell.h
#  Implicit rule search has been done.
#  Implicit/static pattern stem: 'cmd_unset'
#  Last modified 2022-04-02 12:05:50.886319346
#  File has been updated.
#  Successfully updated.
#  recipe to execute (from 'Makefile', line 62):
	@printf "\033[34;1m|\033[0;m"
	@mkdir $(OBJ_PATH) 2> /dev/null || true
	@$(CC) $(CFLAGS) -I$(INC) -c $< -o $@

re: fclean all
#  Phony target (prerequisite of .PHONY).
#  Implicit rule search has not been done.
#  File does not exist.
#  File has not been updated.

obj/split.o: srcs/split.c inc/minishell.h
#  Implicit rule search has been done.
#  Implicit/static pattern stem: 'split'
#  Last modified 2022-04-02 12:05:49.750302826
#  File has been updated.
#  Successfully updated.
#  recipe to execute (from 'Makefile', line 52):
	@printf "\033[34;1m|\033[0;m"
	@mkdir $(OBJ_PATH) 2> /dev/null || true
	@$(CC) $(CFLAGS) -I$(INC) -c $< -o $@

run: all
#  Phony target (prerequisite of .PHONY).
#  Implicit rule search has not been done.
#  File does not exist.
#  File has not been updated.
#  recipe to execute (from 'Makefile', line 67):
	@./$(NAME)

clean:
 
#  Phony target (prerequisite of .PHONY).
#  Implicit rule search has not been done.
#  File does not exist.
#  File has not been updated.
#  recipe to execute (from 'Makefile', line 73):
	@rm -f $(OBJ)
	@rm -rf $(OBJ_PATH)
	@make -C $(LIB_DIR) clean
	@echo "\033[33;1m$(NAME)\033[0;1m: objects deleted\033[0m"

# Not a target:
srcs/split.c:
#  Implicit rule search has been done.
#  Last modified 2022-04-01 11:38:28.322135662
#  File has been updated.
#  Successfully updated.

# Not a target:
srcs/builtins/cmd_env.c:
#  Implicit rule search has been done.
#  Last modified 2022-04-02 11:47:48.623385176
#  File has been updated.
#  Successfully updated.

# Not a target:
inc/minishell.h:
#  Implicit rule search has been done.
#  Last modified 2022-04-01 18:25:54.186188799
#  File has been updated.
#  Successfully updated.

# Not a target:
srcs/builtins/cmd_exit.c:
#  Implicit rule search has been done.
#  Last modified 2022-04-01 18:26:03.542229253
#  File has been updated.
#  Successfully updated.

obj/prompt.o: srcs/prompt.c inc/minishell.h
#  Implicit rule search has been done.
#  Implicit/static pattern stem: 'prompt'
#  Last modified 2022-04-02 12:05:49.666301605
#  File has been updated.
#  Successfully updated.
#  recipe to execute (from 'Makefile', line 52):
	@printf "\033[34;1m|\033[0;m"
	@mkdir $(OBJ_PATH) 2> /dev/null || true
	@$(CC) $(CFLAGS) -I$(INC) -c $< -o $@

# Not a target:
srcs/builtins/cmd_pwd.c:
#  Implicit rule search has been done.
#  Last modified 2022-04-01 12:12:31.783191772
#  File has been updated.
#  Successfully updated.

obj/cmd_cd.o: srcs/builtins/cmd_cd.c inc/minishell.h
#  Implicit rule search has been done.
#  Implicit/static pattern stem: 'cmd_cd'
#  Last modified 2022-04-02 12:05:50.430312715
#  File has been updated.
#  Successfully updated.
#  recipe to execute (from 'Makefile', line 62):
	@printf "\033[34;1m|\033[0;m"
	@mkdir $(OBJ_PATH) 2> /dev/null || true
	@$(CC) $(CFLAGS) -I$(INC) -c $< -o $@

# Not a target:
srcs/prompt.c:
#  Implicit rule search has been done.
#  Last modified 2022-04-01 16:30:47.7967386
#  File has been updated.
#  Successfully updated.

# Not a target:
srcs/util/free.c:
#  Implicit rule search has been done.
#  Last modified 2022-03-31 14:25:23.351
#  File has been updated.
#  Successfully updated.

# Not a target:
srcs/builtins/cmd_unset.c:
#  Implicit rule search has been done.
#  Last modified 2022-04-02 12:01:40.258587205
#  File has been updated.
#  Successfully updated.

obj/check_n_exec_builtins.o: srcs/check_n_exec_builtins.c inc/minishell.h
#  Implicit rule search has been done.
#  Implicit/static pattern stem: 'check_n_exec_builtins'
#  Last modified 2022-04-02 12:05:50.098307888
#  File has been updated.
#  Successfully updated.
#  recipe to execute (from 'Makefile', line 52):
	@printf "\033[34;1m|\033[0;m"
	@mkdir $(OBJ_PATH) 2> /dev/null || true
	@$(CC) $(CFLAGS) -I$(INC) -c $< -o $@

# Not a target:
srcs/check_n_exec_builtins.c:
#  Implicit rule search has been done.
#  Last modified 2022-04-01 18:27:51.351728687
#  File has been updated.
#  Successfully updated.

# files hash-table stats:
# Load=45/1024=4%, Rehash=0, Collisions=1/182=1%
# VPATH Search Paths

# No 'vpath' search paths.

# No general ('VPATH' variable) search path.

# strcache buffers: 1 (0) / strings = 114 / storage = 1508 B / avg = 13 B
# current buf: size = 8162 B / used = 1508 B / count = 114 / avg = 13 B

# strcache performance: lookups = 202 / hit rate = 43%
# hash-table stats:
# Load=114/8192=1%, Rehash=0, Collisions=5/202=2%
# Finished Make data base on Sat Apr  2 12:06:47 2022

 
